<?xml version="1.0" encoding="utf-8"?><testsuites><testsuite name="pytest" errors="0" failures="0" skipped="0" tests="9" time="0.732" timestamp="2024-11-09T23:16:26.000886+00:00" hostname="9bdf3d98739b"><testcase classname="tests.test_main" name="test_user_greet" time="0.001" /><testcase classname="tests.test_main" name="test_password_default" time="0.000" /><testcase classname="tests.test_main" name="test_image_creation" time="0.016" /><testcase classname="tests.test_math_utils" name="test_divide_positive_numbers" time="0.000" /><testcase classname="tests.test_math_utils" name="test_divide_negative_numbers" time="0.000" /><testcase classname="tests.test_math_utils" name="test_divide_by_zero" time="0.000" /><testcase classname="tests.test_user" name="test_user_creation" time="0.000" /><testcase classname="tests.test_user" name="test_greet" time="0.000" /><testcase classname="tests.test_user_repository" name="test_get_users" time="0.116" /></testsuite></testsuites>